8EF3 .START (2020-07-28 13:54:54) phpCAS-1.3.8 ****************** [CAS.php:475]
DEF0 .START (2020-07-28 13:55:13) phpCAS-1.3.8 ****************** [CAS.php:475]
53B0 .START (2020-07-28 13:56:58) phpCAS-1.3.8 ****************** [CAS.php:475]
33AA .START (2020-07-29 05:54:17) phpCAS-1.3.8 ****************** [CAS.php:475]
33AA .=> phpCAS::client('2.0', NULL, NULL, NULL) [CAS.php:9]
33AA .|    => phpCAS::error('CAS_TypeMismatchException: type mismatched for parameter $server_hostname (should be \'string \'), NULL given. ') [CAS.php:369]
33AA .|    |    CAS_TypeMismatchException: type mismatched for parameter $server_hostname (should be 'string '), NULL given.  in C:\wamp64\www\vittascience\classroom\CAS.phpon line 9 [CAS.php:573]
33AA .|    <= ''
B46F .START (2020-07-29 05:59:43) phpCAS-1.3.8 ****************** [CAS.php:475]
B46F .=> phpCAS::client('2.0', 'cas.univ-reims.fr', 443, '/cas/') [CAS.php:17]
B46F .|    => CAS_Client::__construct('2.0', false, 'cas.univ-reims.fr', 443, '/cas/', true) [CAS.php:365]
B46F .|    |    Session is not authenticated [Client.php:938]
B46F .|    <= ''
B46F .<= ''
B46F .=> phpCAS::setNoCasServerValidation() [CAS.php:24]
B46F .|    You have configured no validation of the legitimacy of the cas server. This is not recommended for production use. [CAS.php:1664]
B46F .<= ''
B46F .=> phpCAS::forceAuthentication() [CAS.php:26]
B46F .|    => CAS_Client::forceAuthentication() [CAS.php:1120]
B46F .|    |    => CAS_Client::isAuthenticated() [Client.php:1286]
B46F .|    |    |    => CAS_Client::_wasPreviouslyAuthenticated() [Client.php:1398]
B46F .|    |    |    |    no user found [Client.php:1640]
B46F .|    |    |    <= false
B46F .|    |    |    no ticket found [Client.php:1499]
B46F .|    |    <= false
B46F .|    |    => CAS_Client::redirectToCas(false) [Client.php:1295]
B46F .|    |    |    => CAS_Client::getServerLoginURL(false, false) [Client.php:1661]
B46F .|    |    |    |    => CAS_Client::getURL() [Client.php:342]
B46F .|    |    |    |    |    Final URI: http://vittascience/classroom/ [Client.php:3585]
B46F .|    |    |    |    <= 'http://vittascience/classroom/'
B46F .|    |    |    <= 'https://cas.univ-reims.fr/cas/login?service=http%3A%2F%2Fvittascience%2Fclassroom%2F'
B46F .|    |    |    Redirect to : https://cas.univ-reims.fr/cas/login?service=http%3A%2F%2Fvittascience%2Fclassroom%2F [Client.php:1668]
B46F .|    |    |    exit()
B46F .|    |    |    -
B46F .|    |    -
B46F .|    -
7814 .START (2020-08-11 09:37:02) phpCAS-1.3.8 ****************** [CAS.php:475]
7814 .=> phpCAS::client('2.0', 'http://data.education.fr/gar', 443, '/cas/') [CAS.php:17]
7814 .|    => CAS_Client::__construct('2.0', false, 'http://data.education.fr/gar', 443, '/cas/', true) [CAS.php:365]
7814 .|    |    Session is not authenticated [Client.php:938]
7814 .|    <= ''
7814 .<= ''
7814 .=> phpCAS::setNoCasServerValidation() [CAS.php:24]
7814 .|    You have configured no validation of the legitimacy of the cas server. This is not recommended for production use. [CAS.php:1664]
7814 .<= ''
7814 .=> phpCAS::forceAuthentication() [CAS.php:26]
7814 .|    => CAS_Client::forceAuthentication() [CAS.php:1120]
7814 .|    |    => CAS_Client::isAuthenticated() [Client.php:1286]
7814 .|    |    |    => CAS_Client::_wasPreviouslyAuthenticated() [Client.php:1398]
7814 .|    |    |    |    no user found [Client.php:1640]
7814 .|    |    |    <= false
7814 .|    |    |    no ticket found [Client.php:1499]
7814 .|    |    <= false
7814 .|    |    => CAS_Client::redirectToCas(false) [Client.php:1295]
7814 .|    |    |    => CAS_Client::getServerLoginURL(false, false) [Client.php:1661]
7814 .|    |    |    |    => CAS_Client::getURL() [Client.php:342]
7814 .|    |    |    |    |    Final URI: http://vittascience/classroom/ [Client.php:3585]
7814 .|    |    |    |    <= 'http://vittascience/classroom/'
7814 .|    |    |    <= 'https://http://data.education.fr/gar/cas/login?service=http%3A%2F%2Fvittascience%2Fclassroom%2F'
7814 .|    |    |    Redirect to : https://http://data.education.fr/gar/cas/login?service=http%3A%2F%2Fvittascience%2Fclassroom%2F [Client.php:1668]
7814 .|    |    |    exit()
7814 .|    |    |    -
7814 .|    |    -
7814 .|    -
E696 .START (2020-09-03 10:58:05) phpCAS-1.3.8 ****************** [CAS.php:475]
E696 .=> phpCAS::client('2.0', 'https://idp-auth.partenaire.test-gar.education.fr/login', 443, '/cas/') [CAS.php:17]
E696 .|    => CAS_Client::__construct('2.0', false, 'https://idp-auth.partenaire.test-gar.education.fr/login', 443, '/cas/', true) [CAS.php:365]
E696 .|    |    Session is not authenticated [Client.php:938]
E696 .|    <= ''
E696 .<= ''
E696 .=> phpCAS::setNoCasServerValidation() [CAS.php:24]
E696 .|    You have configured no validation of the legitimacy of the cas server. This is not recommended for production use. [CAS.php:1664]
E696 .<= ''
E696 .=> phpCAS::forceAuthentication() [CAS.php:26]
E696 .|    => CAS_Client::forceAuthentication() [CAS.php:1120]
E696 .|    |    => CAS_Client::isAuthenticated() [Client.php:1286]
E696 .|    |    |    => CAS_Client::_wasPreviouslyAuthenticated() [Client.php:1398]
E696 .|    |    |    |    no user found [Client.php:1640]
E696 .|    |    |    <= false
E696 .|    |    |    no ticket found [Client.php:1499]
E696 .|    |    <= false
E696 .|    |    => CAS_Client::redirectToCas(false) [Client.php:1295]
E696 .|    |    |    => CAS_Client::getServerLoginURL(false, false) [Client.php:1661]
E696 .|    |    |    |    => CAS_Client::getURL() [Client.php:342]
E696 .|    |    |    |    |    Final URI: http://vittascience/classroom/ [Client.php:3585]
E696 .|    |    |    |    <= 'http://vittascience/classroom/'
E696 .|    |    |    <= 'https://https://idp-auth.partenaire.test-gar.education.fr/login/cas/login?service=http%3A%2F%2Fvittascience%2Fclassroom%2F'
E696 .|    |    |    Redirect to : https://https://idp-auth.partenaire.test-gar.education.fr/login/cas/login?service=http%3A%2F%2Fvittascience%2Fclassroom%2F [Client.php:1668]
E696 .|    |    |    exit()
E696 .|    |    |    -
E696 .|    |    -
E696 .|    -
1D6D .START (2020-09-07 13:09:10) phpCAS-1.3.8 ****************** [CAS.php:475]
1D6D .=> phpCAS::client('2.0', 'https://idp-auth.partenaire.test-gar.education.fr/login', 443, '/cas/') [CAS.php:17]
1D6D .|    => CAS_Client::__construct('2.0', false, 'https://idp-auth.partenaire.test-gar.education.fr/login', 443, '/cas/', true) [CAS.php:365]
1D6D .|    |    Session is not authenticated [Client.php:938]
1D6D .|    <= ''
1D6D .<= ''
1D6D .=> phpCAS::setNoCasServerValidation() [CAS.php:24]
1D6D .|    You have configured no validation of the legitimacy of the cas server. This is not recommended for production use. [CAS.php:1664]
1D6D .<= ''
1D6D .=> phpCAS::forceAuthentication() [CAS.php:26]
1D6D .|    => CAS_Client::forceAuthentication() [CAS.php:1120]
1D6D .|    |    => CAS_Client::isAuthenticated() [Client.php:1286]
1D6D .|    |    |    => CAS_Client::_wasPreviouslyAuthenticated() [Client.php:1398]
1D6D .|    |    |    |    no user found [Client.php:1640]
1D6D .|    |    |    <= false
1D6D .|    |    |    no ticket found [Client.php:1499]
1D6D .|    |    <= false
1D6D .|    |    => CAS_Client::redirectToCas(false) [Client.php:1295]
1D6D .|    |    |    => CAS_Client::getServerLoginURL(false, false) [Client.php:1661]
1D6D .|    |    |    |    => CAS_Client::getURL() [Client.php:342]
1D6D .|    |    |    |    |    Final URI: http://vittascience/classroom/ [Client.php:3585]
1D6D .|    |    |    |    <= 'http://vittascience/classroom/'
1D6D .|    |    |    <= 'https://https://idp-auth.partenaire.test-gar.education.fr/login/cas/login?service=http%3A%2F%2Fvittascience%2Fclassroom%2F'
1D6D .|    |    |    Redirect to : https://https://idp-auth.partenaire.test-gar.education.fr/login/cas/login?service=http%3A%2F%2Fvittascience%2Fclassroom%2F [Client.php:1668]
1D6D .|    |    |    exit()
1D6D .|    |    |    -
1D6D .|    |    -
1D6D .|    -
F6CC .START (2020-09-29 07:12:33) phpCAS-1.3.8 ****************** [CAS.php:475]
F6CC .=> phpCAS::client('3.0', 'idp-auth.partenaire.test-gar.education.fr', 443, '') [CAS.php:17]
F6CC .|    => CAS_Client::__construct('3.0', false, 'idp-auth.partenaire.test-gar.education.fr', 443, '', true) [CAS.php:365]
F6CC .|    |    Session is not authenticated [Client.php:938]
F6CC .|    <= ''
F6CC .<= ''
F6CC .=> phpCAS::setNoCasServerValidation() [CAS.php:25]
F6CC .|    You have configured no validation of the legitimacy of the cas server. This is not recommended for production use. [CAS.php:1664]
F6CC .<= ''
F6CC .=> phpCAS::forceAuthentication() [CAS.php:28]
F6CC .|    => CAS_Client::forceAuthentication() [CAS.php:1120]
F6CC .|    |    => CAS_Client::isAuthenticated() [Client.php:1286]
F6CC .|    |    |    => CAS_Client::_wasPreviouslyAuthenticated() [Client.php:1398]
F6CC .|    |    |    |    no user found [Client.php:1640]
F6CC .|    |    |    <= false
F6CC .|    |    |    no ticket found [Client.php:1499]
F6CC .|    |    <= false
F6CC .|    |    => CAS_Client::redirectToCas(false) [Client.php:1295]
F6CC .|    |    |    => CAS_Client::getServerLoginURL(false, false) [Client.php:1661]
F6CC .|    |    |    |    => CAS_Client::getURL() [Client.php:342]
F6CC .|    |    |    |    |    Final URI: http://vittascience/classroom/ [Client.php:3585]
F6CC .|    |    |    |    <= 'http://vittascience/classroom/'
F6CC .|    |    |    <= 'https://idp-auth.partenaire.test-gar.education.fr/login?service=http%3A%2F%2Fvittascience%2Fclassroom%2F'
F6CC .|    |    |    Redirect to : https://idp-auth.partenaire.test-gar.education.fr/login?service=http%3A%2F%2Fvittascience%2Fclassroom%2F [Client.php:1668]
F6CC .|    |    |    exit()
F6CC .|    |    |    -
F6CC .|    |    -
F6CC .|    -
1160 .START (2020-10-06 09:23:27) phpCAS-1.3.8 ****************** [CAS.php:475]
1160 .=> phpCAS::client('3.0', 'idp-auth.partenaire.test-gar.education.fr', 443, '') [CAS.php:16]
1160 .|    => CAS_Client::__construct('3.0', false, 'idp-auth.partenaire.test-gar.education.fr', 443, '', true) [CAS.php:365]
1160 .|    |    Session is not authenticated [Client.php:938]
1160 .|    <= ''
1160 .<= ''
1160 .=> phpCAS::setNoCasServerValidation() [CAS.php:24]
1160 .|    You have configured no validation of the legitimacy of the cas server. This is not recommended for production use. [CAS.php:1664]
1160 .<= ''
1160 .=> phpCAS::forceAuthentication() [CAS.php:27]
1160 .|    => CAS_Client::forceAuthentication() [CAS.php:1120]
1160 .|    |    => CAS_Client::isAuthenticated() [Client.php:1286]
1160 .|    |    |    => CAS_Client::_wasPreviouslyAuthenticated() [Client.php:1398]
1160 .|    |    |    |    no user found [Client.php:1640]
1160 .|    |    |    <= false
1160 .|    |    |    no ticket found [Client.php:1499]
1160 .|    |    <= false
1160 .|    |    => CAS_Client::redirectToCas(false) [Client.php:1295]
1160 .|    |    |    => CAS_Client::getServerLoginURL(false, false) [Client.php:1661]
1160 .|    |    |    |    => CAS_Client::getURL() [Client.php:342]
1160 .|    |    |    |    |    Final URI: http://vittascience/classroom/ [Client.php:3585]
1160 .|    |    |    |    <= 'http://vittascience/classroom/'
1160 .|    |    |    <= 'https://idp-auth.partenaire.test-gar.education.fr/login?service=http%3A%2F%2Fvittascience%2Fclassroom%2F'
1160 .|    |    |    Redirect to : https://idp-auth.partenaire.test-gar.education.fr/login?service=http%3A%2F%2Fvittascience%2Fclassroom%2F [Client.php:1668]
1160 .|    |    |    exit()
1160 .|    |    |    -
1160 .|    |    -
1160 .|    -
8180 .START (2020-10-16 10:35:28) phpCAS-1.3.8 ****************** [CAS.php:498]
8180 .Content-Type: 
8180 .HTTP Raw Post data: 
8180 .logoutRequest = 
8180 .=> phpCAS::client('3.0', 'idp-auth.partenaire.test-gar.education.fr', 443, '') [disconnect.php:26]
8180 .|    => CAS_Client::__construct('3.0', false, 'idp-auth.partenaire.test-gar.education.fr', 443, '', true) [CAS.php:376]
8180 .|    |    Starting a new session 51v26aonbqe5jmlus33l2k082i [Client.php:932]
8180 .|    |    Session is not authenticated [Client.php:938]
8180 .|    <= ''
8180 .<= ''
488B .START (2020-10-16 10:36:06) phpCAS-1.3.8 ****************** [CAS.php:498]
488B .logoutRequest = 
488B .=> phpCAS::client('3.0', 'idp-auth.partenaire.test-gar.education.fr', 443, '') [disconnect.php:26]
488B .|    => CAS_Client::__construct('3.0', false, 'idp-auth.partenaire.test-gar.education.fr', 443, '', true) [CAS.php:376]
488B .|    |    Starting a new session 51v26aonbqe5jmlus33l2k082i [Client.php:932]
488B .|    |    Session is not authenticated [Client.php:938]
488B .|    <= ''
488B .<= ''
3AEC .START (2020-10-16 10:38:08) phpCAS-1.3.8 ****************** [CAS.php:506]
3AEC .logoutRequest = 
3AEC .=> phpCAS::client('3.0', 'idp-auth.partenaire.test-gar.education.fr', 443, '') [disconnect.php:26]
3AEC .|    => CAS_Client::__construct('3.0', false, 'idp-auth.partenaire.test-gar.education.fr', 443, '', true) [CAS.php:376]
3AEC .|    |    Starting a new session 51v26aonbqe5jmlus33l2k082i [Client.php:932]
3AEC .|    |    Session is not authenticated [Client.php:938]
3AEC .|    <= ''
3AEC .<= ''
EB84 .START (2020-10-16 10:56:40) phpCAS-1.3.8 ****************** [CAS.php:497]
EB84 .lala
EB84 .=> phpCAS::client('3.0', 'idp-auth.partenaire.test-gar.education.fr', 443, '') [disconnect.php:17]
EB84 .|    => CAS_Client::__construct('3.0', false, 'idp-auth.partenaire.test-gar.education.fr', 443, '', true) [CAS.php:376]
EB84 .|    |    Starting a new session 51v26aonbqe5jmlus33l2k082i [Client.php:932]
EB84 .|    |    Session is not authenticated [Client.php:938]
EB84 .|    <= ''
EB84 .<= ''
EB84 .=> phpCAS::setNoCasServerValidation() [disconnect.php:26]
EB84 .|    You have configured no validation of the legitimacy of the cas server. This is not recommended for production use. [CAS.php:1689]
EB84 .<= ''
EB84 .=> CAS_Client::handleLogoutRequests(false, array ()) [CAS.php:1323]
EB84 .|    Not a logout request [Client.php:1744]
EB84 .<= ''
EB84 .=> phpCAS::forceAuthentication() [disconnect.php:39]
EB84 .|    => CAS_Client::forceAuthentication() [CAS.php:1145]
EB84 .|    |    => CAS_Client::isAuthenticated() [Client.php:1286]
EB84 .|    |    |    => CAS_Client::_wasPreviouslyAuthenticated() [Client.php:1398]
EB84 .|    |    |    |    no user found [Client.php:1640]
EB84 .|    |    |    <= false
EB84 .|    |    |    no ticket found [Client.php:1499]
EB84 .|    |    <= false
EB84 .|    |    => CAS_Client::redirectToCas(false) [Client.php:1295]
EB84 .|    |    |    => CAS_Client::getServerLoginURL(false, false) [Client.php:1661]
EB84 .|    |    |    |    => CAS_Client::getURL() [Client.php:342]
EB84 .|    |    |    |    |    Final URI: http://vittascience/classroom/disconnect.php [Client.php:3585]
EB84 .|    |    |    |    <= 'http://vittascience/classroom/disconnect.php'
EB84 .|    |    |    <= 'https://idp-auth.partenaire.test-gar.education.fr/login?service=http%3A%2F%2Fvittascience%2Fclassroom%2Fdisconnect.php'
EB84 .|    |    |    Redirect to : https://idp-auth.partenaire.test-gar.education.fr/login?service=http%3A%2F%2Fvittascience%2Fclassroom%2Fdisconnect.php [Client.php:1668]
EB84 .|    |    |    exit()
EB84 .|    |    |    -
EB84 .|    |    -
EB84 .|    -
86A2 .START (2025-06-05 17:26:25) phpCAS-1.6.1 ****************** [CAS.php:512]
